<?xml version="1.0" encoding="UTF-8" ?>
<testsuite tests="17" failures="0" name="com.training.epam.ticketservice.at.TestExecutor" time="259.702" errors="17" skipped="0">
  <properties>
    <property name="java.runtime.name" value="Java(TM) SE Runtime Environment"/>
    <property name="java.vm.version" value="11.0.9+7-LTS"/>
    <property name="sun.boot.library.path" value="C:\Program Files\Java\jdk-11.0.9\bin"/>
    <property name="user.country.format" value="GB"/>
    <property name="maven.multiModuleProjectDirectory" value="D:\EPAM\epam-deik-java-dev\final"/>
    <property name="java.vm.vendor" value="Oracle Corporation"/>
    <property name="java.vendor.url" value="https://openjdk.java.net/"/>
    <property name="path.separator" value=";"/>
    <property name="guice.disable.misplaced.annotation.check" value="true"/>
    <property name="java.vm.name" value="Java HotSpot(TM) 64-Bit Server VM"/>
    <property name="user.country" value="HU"/>
    <property name="sun.java.launcher" value="SUN_STANDARD"/>
    <property name="user.script" value=""/>
    <property name="sun.os.patch.level" value=""/>
    <property name="user.dir" value="D:\EPAM\epam-deik-java-dev\final"/>
    <property name="java.vm.compressedOopsMode" value="Zero based"/>
    <property name="java.vm.specification.name" value="Java Virtual Machine Specification"/>
    <property name="java.runtime.version" value="11.0.9+7-LTS"/>
    <property name="java.awt.graphicsenv" value="sun.awt.Win32GraphicsEnvironment"/>
    <property name="os.arch" value="amd64"/>
    <property name="java.io.tmpdir" value="C:\Users\erhar\AppData\Local\Temp\"/>
    <property name="line.separator" value="
"/>
    <property name="java.vm.specification.vendor" value="Oracle Corporation"/>
    <property name="user.variant" value=""/>
    <property name="os.name" value="Windows 10"/>
    <property name="classworlds.conf" value="D:\Maven\apache-maven-3.8.6\bin\m2.conf"/>
    <property name="sun.jnu.encoding" value="Cp1250"/>
    <property name="java.library.path" value="C:\Program Files\Java\jdk-11.0.9\bin;C:\Windows\Sun\Java\bin;C:\Windows\system32;C:\Windows;C:\Windows\system32;C:\Windows;C:\Windows\System32\Wbem;C:\Windows\System32\WindowsPowerShell\v1.0\;C:\Windows\System32\OpenSSH\;C:\Program Files\NVIDIA Corporation\NVIDIA NvDLISR;C:\Program Files\Java\jdk-11.0.9\bin;C:\Program Files (x86)\NVIDIA Corporation\PhysX\Common;C:\ProgramData\ComposerSetup\bin;D:\Git\cmd;D:\PHP8.1;C:\Program Files\NodeJS\;D:\Maven\apache-maven-3.8.6\bin;C:\Users\erhar\AppData\Local\Microsoft\WindowsApps;D:\Maven\apache-maven-3.8.6\bin;C:\Program Files\Java\jdk-11.0.9\bin;%M2_HOME%\bin;%IntelliJ IDEA%;C:\Users\erhar\AppData\Roaming\Composer\vendor\bin;C:\Users\erhar\AppData\Local\Programs\Microsoft VS Code\bin;C:\Users\erhar\AppData\Local\GitHubDesktop\bin;C:\Users\erhar\AppData\Roaming\npm;."/>
    <property name="maven.conf" value="D:\Maven\apache-maven-3.8.6/conf"/>
    <property name="jdk.debug" value="release"/>
    <property name="java.class.version" value="55.0"/>
    <property name="java.specification.name" value="Java Platform API Specification"/>
    <property name="sun.management.compiler" value="HotSpot 64-Bit Tiered Compilers"/>
    <property name="os.version" value="10.0"/>
    <property name="library.jansi.path" value="D:\Maven\apache-maven-3.8.6\lib\jansi-native"/>
    <property name="user.home" value="C:\Users\erhar"/>
    <property name="user.timezone" value="Europe/Prague"/>
    <property name="java.awt.printerjob" value="sun.awt.windows.WPrinterJob"/>
    <property name="file.encoding" value="Cp1250"/>
    <property name="java.specification.version" value="11"/>
    <property name="java.class.path" value="D:\Maven\apache-maven-3.8.6\boot\plexus-classworlds-2.6.0.jar"/>
    <property name="user.name" value="erhar"/>
    <property name="java.vm.specification.version" value="11"/>
    <property name="sun.arch.data.model" value="64"/>
    <property name="sun.java.command" value="org.codehaus.plexus.classworlds.launcher.Launcher clean verify -P requirements-grade2"/>
    <property name="java.home" value="C:\Program Files\Java\jdk-11.0.9"/>
    <property name="user.language" value="hu"/>
    <property name="java.specification.vendor" value="Oracle Corporation"/>
    <property name="user.language.format" value="en"/>
    <property name="awt.toolkit" value="sun.awt.windows.WToolkit"/>
    <property name="java.vm.info" value="mixed mode"/>
    <property name="java.version" value="11.0.9"/>
    <property name="java.vendor" value="Oracle Corporation"/>
    <property name="sun.stderr.encoding" value="cp852"/>
    <property name="maven.home" value="D:\Maven\apache-maven-3.8.6"/>
    <property name="file.separator" value="\"/>
    <property name="java.version.date" value="2020-10-20"/>
    <property name="java.vendor.url.bug" value="https://bugreport.java.com/bugreport/"/>
    <property name="sun.cpu.endian" value="little"/>
    <property name="sun.io.unicode.encoding" value="UnicodeLittle"/>
    <property name="java.vendor.version" value="18.9"/>
    <property name="sun.stdout.encoding" value="cp852"/>
    <property name="sun.desktop" value="windows"/>
    <property name="sun.cpu.isalist" value="amd64"/>
  </properties>
  <testcase classname="allow creating accounts and logging in" name="the admin account exists by default and can be logged in with the correct password" time="15.359">
    <error type="java.util.concurrent.TimeoutException">java.util.concurrent.TimeoutException
	at java.base/java.util.concurrent.FutureTask.get(FutureTask.java:204)
	at com.google.common.util.concurrent.SimpleTimeLimiter.callWithTimeout(SimpleTimeLimiter.java:155)
	at com.training.epam.ticketservice.at.ProcessUnderTest.runWithTimeout(ProcessUnderTest.java:87)
	at com.training.epam.ticketservice.at.ProcessUnderTest.waitForOutput(ProcessUnderTest.java:42)
	at com.training.epam.ticketservice.at.GenericCliProcessStepDefs.promptReturned(GenericCliProcessStepDefs.java:32)
	at ✽.the prompt containing &quot;Ticket service&gt;&quot; is printed(file:///D:/EPAM/epam-deik-java-dev/final/ticket-service-acceptance-tests/src/test/resources/features/accounts.feature:5)
</error>
  </testcase>
  <testcase classname="allow creating accounts and logging in" name="the admin account can be signed out" time="15.183">
    <error type="java.util.concurrent.TimeoutException">java.util.concurrent.TimeoutException
	at java.base/java.util.concurrent.FutureTask.get(FutureTask.java:204)
	at com.google.common.util.concurrent.SimpleTimeLimiter.callWithTimeout(SimpleTimeLimiter.java:155)
	at com.training.epam.ticketservice.at.ProcessUnderTest.runWithTimeout(ProcessUnderTest.java:87)
	at com.training.epam.ticketservice.at.ProcessUnderTest.waitForOutput(ProcessUnderTest.java:42)
	at com.training.epam.ticketservice.at.GenericCliProcessStepDefs.promptReturned(GenericCliProcessStepDefs.java:32)
	at ✽.the prompt containing &quot;Ticket service&gt;&quot; is printed(file:///D:/EPAM/epam-deik-java-dev/final/ticket-service-acceptance-tests/src/test/resources/features/accounts.feature:5)
</error>
  </testcase>
  <testcase classname="allow creating accounts and logging in" name="the admin account can not be logged in with incorrect password" time="15.165">
    <error type="java.util.concurrent.TimeoutException">java.util.concurrent.TimeoutException
	at java.base/java.util.concurrent.FutureTask.get(FutureTask.java:204)
	at com.google.common.util.concurrent.SimpleTimeLimiter.callWithTimeout(SimpleTimeLimiter.java:155)
	at com.training.epam.ticketservice.at.ProcessUnderTest.runWithTimeout(ProcessUnderTest.java:87)
	at com.training.epam.ticketservice.at.ProcessUnderTest.waitForOutput(ProcessUnderTest.java:42)
	at com.training.epam.ticketservice.at.GenericCliProcessStepDefs.promptReturned(GenericCliProcessStepDefs.java:32)
	at ✽.the prompt containing &quot;Ticket service&gt;&quot; is printed(file:///D:/EPAM/epam-deik-java-dev/final/ticket-service-acceptance-tests/src/test/resources/features/accounts.feature:5)
</error>
  </testcase>
  <testcase classname="allows creating movie descriptions" name="an admin user can create and list movies" time="15.179">
    <error type="java.util.concurrent.TimeoutException">java.util.concurrent.TimeoutException
	at java.base/java.util.concurrent.FutureTask.get(FutureTask.java:204)
	at com.google.common.util.concurrent.SimpleTimeLimiter.callWithTimeout(SimpleTimeLimiter.java:155)
	at com.training.epam.ticketservice.at.ProcessUnderTest.runWithTimeout(ProcessUnderTest.java:87)
	at com.training.epam.ticketservice.at.ProcessUnderTest.waitForOutput(ProcessUnderTest.java:42)
	at com.training.epam.ticketservice.at.GenericCliProcessStepDefs.promptReturned(GenericCliProcessStepDefs.java:32)
	at ✽.the prompt containing &quot;Ticket service&gt;&quot; is printed(file:///D:/EPAM/epam-deik-java-dev/final/ticket-service-acceptance-tests/src/test/resources/features/movies.feature:4)
</error>
  </testcase>
  <testcase classname="allows creating movie descriptions" name="an admin user can update a movie" time="15.172">
    <error type="java.util.concurrent.TimeoutException">java.util.concurrent.TimeoutException
	at java.base/java.util.concurrent.FutureTask.get(FutureTask.java:204)
	at com.google.common.util.concurrent.SimpleTimeLimiter.callWithTimeout(SimpleTimeLimiter.java:155)
	at com.training.epam.ticketservice.at.ProcessUnderTest.runWithTimeout(ProcessUnderTest.java:87)
	at com.training.epam.ticketservice.at.ProcessUnderTest.waitForOutput(ProcessUnderTest.java:42)
	at com.training.epam.ticketservice.at.GenericCliProcessStepDefs.promptReturned(GenericCliProcessStepDefs.java:32)
	at ✽.the prompt containing &quot;Ticket service&gt;&quot; is printed(file:///D:/EPAM/epam-deik-java-dev/final/ticket-service-acceptance-tests/src/test/resources/features/movies.feature:4)
</error>
  </testcase>
  <testcase classname="allows creating movie descriptions" name="an admin user can delete a movie" time="15.172">
    <error type="java.util.concurrent.TimeoutException">java.util.concurrent.TimeoutException
	at java.base/java.util.concurrent.FutureTask.get(FutureTask.java:204)
	at com.google.common.util.concurrent.SimpleTimeLimiter.callWithTimeout(SimpleTimeLimiter.java:155)
	at com.training.epam.ticketservice.at.ProcessUnderTest.runWithTimeout(ProcessUnderTest.java:87)
	at com.training.epam.ticketservice.at.ProcessUnderTest.waitForOutput(ProcessUnderTest.java:42)
	at com.training.epam.ticketservice.at.GenericCliProcessStepDefs.promptReturned(GenericCliProcessStepDefs.java:32)
	at ✽.the prompt containing &quot;Ticket service&gt;&quot; is printed(file:///D:/EPAM/epam-deik-java-dev/final/ticket-service-acceptance-tests/src/test/resources/features/movies.feature:4)
</error>
  </testcase>
  <testcase classname="allows creating movie descriptions" name="an unauthenticated user can list movies" time="15.172">
    <error type="java.util.concurrent.TimeoutException">java.util.concurrent.TimeoutException
	at java.base/java.util.concurrent.FutureTask.get(FutureTask.java:204)
	at com.google.common.util.concurrent.SimpleTimeLimiter.callWithTimeout(SimpleTimeLimiter.java:155)
	at com.training.epam.ticketservice.at.ProcessUnderTest.runWithTimeout(ProcessUnderTest.java:87)
	at com.training.epam.ticketservice.at.ProcessUnderTest.waitForOutput(ProcessUnderTest.java:42)
	at com.training.epam.ticketservice.at.GenericCliProcessStepDefs.promptReturned(GenericCliProcessStepDefs.java:32)
	at ✽.the prompt containing &quot;Ticket service&gt;&quot; is printed(file:///D:/EPAM/epam-deik-java-dev/final/ticket-service-acceptance-tests/src/test/resources/features/movies.feature:4)
</error>
  </testcase>
  <testcase classname="allow creating, reading, updating and deleting rooms where the screenings will happen" name="an admin user can create and list rooms" time="15.203">
    <error type="java.util.concurrent.TimeoutException">java.util.concurrent.TimeoutException
	at java.base/java.util.concurrent.FutureTask.get(FutureTask.java:204)
	at com.google.common.util.concurrent.SimpleTimeLimiter.callWithTimeout(SimpleTimeLimiter.java:155)
	at com.training.epam.ticketservice.at.ProcessUnderTest.runWithTimeout(ProcessUnderTest.java:87)
	at com.training.epam.ticketservice.at.ProcessUnderTest.waitForOutput(ProcessUnderTest.java:42)
	at com.training.epam.ticketservice.at.GenericCliProcessStepDefs.promptReturned(GenericCliProcessStepDefs.java:32)
	at ✽.the prompt containing &quot;Ticket service&gt;&quot; is printed(file:///D:/EPAM/epam-deik-java-dev/final/ticket-service-acceptance-tests/src/test/resources/features/rooms.feature:5)
</error>
  </testcase>
  <testcase classname="allow creating, reading, updating and deleting rooms where the screenings will happen" name="an admin user can update a room" time="15.208">
    <error type="java.util.concurrent.TimeoutException">java.util.concurrent.TimeoutException
	at java.base/java.util.concurrent.FutureTask.get(FutureTask.java:204)
	at com.google.common.util.concurrent.SimpleTimeLimiter.callWithTimeout(SimpleTimeLimiter.java:155)
	at com.training.epam.ticketservice.at.ProcessUnderTest.runWithTimeout(ProcessUnderTest.java:87)
	at com.training.epam.ticketservice.at.ProcessUnderTest.waitForOutput(ProcessUnderTest.java:42)
	at com.training.epam.ticketservice.at.GenericCliProcessStepDefs.promptReturned(GenericCliProcessStepDefs.java:32)
	at ✽.the prompt containing &quot;Ticket service&gt;&quot; is printed(file:///D:/EPAM/epam-deik-java-dev/final/ticket-service-acceptance-tests/src/test/resources/features/rooms.feature:5)
</error>
  </testcase>
  <testcase classname="allow creating, reading, updating and deleting rooms where the screenings will happen" name="an admin user can delete a room" time="15.245">
    <error type="java.util.concurrent.TimeoutException">java.util.concurrent.TimeoutException
	at java.base/java.util.concurrent.FutureTask.get(FutureTask.java:204)
	at com.google.common.util.concurrent.SimpleTimeLimiter.callWithTimeout(SimpleTimeLimiter.java:155)
	at com.training.epam.ticketservice.at.ProcessUnderTest.runWithTimeout(ProcessUnderTest.java:87)
	at com.training.epam.ticketservice.at.ProcessUnderTest.waitForOutput(ProcessUnderTest.java:42)
	at com.training.epam.ticketservice.at.GenericCliProcessStepDefs.promptReturned(GenericCliProcessStepDefs.java:32)
	at ✽.the prompt containing &quot;Ticket service&gt;&quot; is printed(file:///D:/EPAM/epam-deik-java-dev/final/ticket-service-acceptance-tests/src/test/resources/features/rooms.feature:5)
</error>
  </testcase>
  <testcase classname="allow creating, reading, updating and deleting rooms where the screenings will happen" name="an unauthenticated user can list rooms" time="15.278">
    <error type="java.util.concurrent.TimeoutException">java.util.concurrent.TimeoutException
	at java.base/java.util.concurrent.FutureTask.get(FutureTask.java:204)
	at com.google.common.util.concurrent.SimpleTimeLimiter.callWithTimeout(SimpleTimeLimiter.java:155)
	at com.training.epam.ticketservice.at.ProcessUnderTest.runWithTimeout(ProcessUnderTest.java:87)
	at com.training.epam.ticketservice.at.ProcessUnderTest.waitForOutput(ProcessUnderTest.java:42)
	at com.training.epam.ticketservice.at.GenericCliProcessStepDefs.promptReturned(GenericCliProcessStepDefs.java:32)
	at ✽.the prompt containing &quot;Ticket service&gt;&quot; is printed(file:///D:/EPAM/epam-deik-java-dev/final/ticket-service-acceptance-tests/src/test/resources/features/rooms.feature:5)
</error>
  </testcase>
  <testcase classname="allows creating, deleting and listing screenings" name="The admin user can create and query screenings" time="15.304">
    <error type="java.util.concurrent.TimeoutException">java.util.concurrent.TimeoutException
	at java.base/java.util.concurrent.FutureTask.get(FutureTask.java:204)
	at com.google.common.util.concurrent.SimpleTimeLimiter.callWithTimeout(SimpleTimeLimiter.java:155)
	at com.training.epam.ticketservice.at.ProcessUnderTest.runWithTimeout(ProcessUnderTest.java:87)
	at com.training.epam.ticketservice.at.ProcessUnderTest.waitForOutput(ProcessUnderTest.java:42)
	at com.training.epam.ticketservice.at.GenericCliProcessStepDefs.promptReturned(GenericCliProcessStepDefs.java:32)
	at ✽.the prompt containing &quot;Ticket service&gt;&quot; is printed(file:///D:/EPAM/epam-deik-java-dev/final/ticket-service-acceptance-tests/src/test/resources/features/screenings.feature:4)
</error>
  </testcase>
  <testcase classname="allows creating, deleting and listing screenings" name="The admin can not create overlapping screenings in the same room" time="15.375">
    <error type="java.util.concurrent.TimeoutException">java.util.concurrent.TimeoutException
	at java.base/java.util.concurrent.FutureTask.get(FutureTask.java:204)
	at com.google.common.util.concurrent.SimpleTimeLimiter.callWithTimeout(SimpleTimeLimiter.java:155)
	at com.training.epam.ticketservice.at.ProcessUnderTest.runWithTimeout(ProcessUnderTest.java:87)
	at com.training.epam.ticketservice.at.ProcessUnderTest.waitForOutput(ProcessUnderTest.java:42)
	at com.training.epam.ticketservice.at.GenericCliProcessStepDefs.promptReturned(GenericCliProcessStepDefs.java:32)
	at ✽.the prompt containing &quot;Ticket service&gt;&quot; is printed(file:///D:/EPAM/epam-deik-java-dev/final/ticket-service-acceptance-tests/src/test/resources/features/screenings.feature:4)
</error>
  </testcase>
  <testcase classname="allows creating, deleting and listing screenings" name="The admin can create overlapping screenings in different rooms" time="15.344">
    <error type="java.util.concurrent.TimeoutException">java.util.concurrent.TimeoutException
	at java.base/java.util.concurrent.FutureTask.get(FutureTask.java:204)
	at com.google.common.util.concurrent.SimpleTimeLimiter.callWithTimeout(SimpleTimeLimiter.java:155)
	at com.training.epam.ticketservice.at.ProcessUnderTest.runWithTimeout(ProcessUnderTest.java:87)
	at com.training.epam.ticketservice.at.ProcessUnderTest.waitForOutput(ProcessUnderTest.java:42)
	at com.training.epam.ticketservice.at.GenericCliProcessStepDefs.promptReturned(GenericCliProcessStepDefs.java:32)
	at ✽.the prompt containing &quot;Ticket service&gt;&quot; is printed(file:///D:/EPAM/epam-deik-java-dev/final/ticket-service-acceptance-tests/src/test/resources/features/screenings.feature:4)
</error>
  </testcase>
  <testcase classname="allows creating, deleting and listing screenings" name="The admin can not create screenings during a 10 minute long breaks after another screening in the same room" time="15.328">
    <error type="java.util.concurrent.TimeoutException">java.util.concurrent.TimeoutException
	at java.base/java.util.concurrent.FutureTask.get(FutureTask.java:204)
	at com.google.common.util.concurrent.SimpleTimeLimiter.callWithTimeout(SimpleTimeLimiter.java:155)
	at com.training.epam.ticketservice.at.ProcessUnderTest.runWithTimeout(ProcessUnderTest.java:87)
	at com.training.epam.ticketservice.at.ProcessUnderTest.waitForOutput(ProcessUnderTest.java:42)
	at com.training.epam.ticketservice.at.GenericCliProcessStepDefs.promptReturned(GenericCliProcessStepDefs.java:32)
	at ✽.the prompt containing &quot;Ticket service&gt;&quot; is printed(file:///D:/EPAM/epam-deik-java-dev/final/ticket-service-acceptance-tests/src/test/resources/features/screenings.feature:4)
</error>
  </testcase>
  <testcase classname="allows creating, deleting and listing screenings" name="The admin can create screenings even if there is a break after a screening in a different room" time="15.406">
    <error type="java.util.concurrent.TimeoutException">java.util.concurrent.TimeoutException
	at java.base/java.util.concurrent.FutureTask.get(FutureTask.java:204)
	at com.google.common.util.concurrent.SimpleTimeLimiter.callWithTimeout(SimpleTimeLimiter.java:155)
	at com.training.epam.ticketservice.at.ProcessUnderTest.runWithTimeout(ProcessUnderTest.java:87)
	at com.training.epam.ticketservice.at.ProcessUnderTest.waitForOutput(ProcessUnderTest.java:42)
	at com.training.epam.ticketservice.at.GenericCliProcessStepDefs.promptReturned(GenericCliProcessStepDefs.java:32)
	at ✽.the prompt containing &quot;Ticket service&gt;&quot; is printed(file:///D:/EPAM/epam-deik-java-dev/final/ticket-service-acceptance-tests/src/test/resources/features/screenings.feature:4)
</error>
  </testcase>
  <testcase classname="allows creating, deleting and listing screenings" name="The admin user can delete screenings" time="15.609">
    <error type="java.util.concurrent.TimeoutException">java.util.concurrent.TimeoutException
	at java.base/java.util.concurrent.FutureTask.get(FutureTask.java:204)
	at com.google.common.util.concurrent.SimpleTimeLimiter.callWithTimeout(SimpleTimeLimiter.java:155)
	at com.training.epam.ticketservice.at.ProcessUnderTest.runWithTimeout(ProcessUnderTest.java:87)
	at com.training.epam.ticketservice.at.ProcessUnderTest.waitForOutput(ProcessUnderTest.java:42)
	at com.training.epam.ticketservice.at.GenericCliProcessStepDefs.promptReturned(GenericCliProcessStepDefs.java:32)
	at ✽.the prompt containing &quot;Ticket service&gt;&quot; is printed(file:///D:/EPAM/epam-deik-java-dev/final/ticket-service-acceptance-tests/src/test/resources/features/screenings.feature:4)
</error>
  </testcase>
</testsuite>